::1 - - [13/Oct/2018:00:38:20 +0000] "GET / HTTP/1.1" 200 5242 "-" "Mozilla/5.0 (Windows NT 10.0; Win64; x64) AppleWebKit/537.36 (KHTML, like Gecko) Chrome/69.0.3497.100 Safari/537.36"
::1 - - [13/Oct/2018:00:38:20 +0000] "GET /IM.png HTTP/1.1" 404 145 "http://localhost:8081/" "Mozilla/5.0 (Windows NT 10.0; Win64; x64) AppleWebKit/537.36 (KHTML, like Gecko) Chrome/69.0.3497.100 Safari/537.36"
::1 - - [13/Oct/2018:00:38:21 +0000] "GET /favicon.ico HTTP/1.1" 404 150 "http://localhost:8081/" "Mozilla/5.0 (Windows NT 10.0; Win64; x64) AppleWebKit/537.36 (KHTML, like Gecko) Chrome/69.0.3497.100 Safari/537.36"
::1 - - [13/Oct/2018:00:40:48 +0000] "GET / HTTP/1.1" 200 4949 "-" "Mozilla/5.0 (Windows NT 10.0; Win64; x64) AppleWebKit/537.36 (KHTML, like Gecko) Chrome/69.0.3497.100 Safari/537.36"
::1 - - [13/Oct/2018:00:40:50 +0000] "GET / HTTP/1.1" 304 - "-" "Mozilla/5.0 (Windows NT 10.0; Win64; x64) AppleWebKit/537.36 (KHTML, like Gecko) Chrome/69.0.3497.100 Safari/537.36"
::1 - - [13/Oct/2018:00:41:00 +0000] "GET /Aboutus HTTP/1.1" 200 2824 "http://localhost:8081/" "Mozilla/5.0 (Windows NT 10.0; Win64; x64) AppleWebKit/537.36 (KHTML, like Gecko) Chrome/69.0.3497.100 Safari/537.36"
::1 - - [13/Oct/2018:00:41:07 +0000] "GET /temperature-converter HTTP/1.1" 200 5469 "http://localhost:8081/Aboutus" "Mozilla/5.0 (Windows NT 10.0; Win64; x64) AppleWebKit/537.36 (KHTML, like Gecko) Chrome/69.0.3497.100 Safari/537.36"
::1 - - [13/Oct/2018:00:41:14 +0000] "GET /Contactus HTTP/1.1" 200 4298 "http://localhost:8081/temperature-converter" "Mozilla/5.0 (Windows NT 10.0; Win64; x64) AppleWebKit/537.36 (KHTML, like Gecko) Chrome/69.0.3497.100 Safari/537.36"
::1 - - [13/Oct/2018:00:41:14 +0000] "GET /Contact-Us.jpg HTTP/1.1" 404 153 "http://localhost:8081/Contactus" "Mozilla/5.0 (Windows NT 10.0; Win64; x64) AppleWebKit/537.36 (KHTML, like Gecko) Chrome/69.0.3497.100 Safari/537.36"
::1 - - [13/Oct/2018:00:42:19 +0000] "GET /Contactus HTTP/1.1" 200 4305 "http://localhost:8081/temperature-converter" "Mozilla/5.0 (Windows NT 10.0; Win64; x64) AppleWebKit/537.36 (KHTML, like Gecko) Chrome/69.0.3497.100 Safari/537.36"
::1 - - [13/Oct/2018:00:42:25 +0000] "GET /Index HTTP/1.1" 200 4879 "http://localhost:8081/Contactus" "Mozilla/5.0 (Windows NT 10.0; Win64; x64) AppleWebKit/537.36 (KHTML, like Gecko) Chrome/69.0.3497.100 Safari/537.36"
::1 - - [13/Oct/2018:00:42:28 +0000] "GET /Contactus HTTP/1.1" 304 - "http://localhost:8081/Index" "Mozilla/5.0 (Windows NT 10.0; Win64; x64) AppleWebKit/537.36 (KHTML, like Gecko) Chrome/69.0.3497.100 Safari/537.36"
::1 - - [13/Oct/2018:00:42:30 +0000] "GET /Aboutus HTTP/1.1" 304 - "http://localhost:8081/Contactus" "Mozilla/5.0 (Windows NT 10.0; Win64; x64) AppleWebKit/537.36 (KHTML, like Gecko) Chrome/69.0.3497.100 Safari/537.36"
::1 - - [13/Oct/2018:00:42:32 +0000] "GET /Contactus HTTP/1.1" 304 - "http://localhost:8081/Aboutus" "Mozilla/5.0 (Windows NT 10.0; Win64; x64) AppleWebKit/537.36 (KHTML, like Gecko) Chrome/69.0.3497.100 Safari/537.36"
::1 - - [13/Oct/2018:00:42:35 +0000] "GET /Contactus HTTP/1.1" 304 - "http://localhost:8081/Contactus" "Mozilla/5.0 (Windows NT 10.0; Win64; x64) AppleWebKit/537.36 (KHTML, like Gecko) Chrome/69.0.3497.100 Safari/537.36"
::1 - - [13/Oct/2018:00:43:24 +0000] "GET /Contactus HTTP/1.1" 304 - "http://localhost:8081/Contactus" "Mozilla/5.0 (Windows NT 10.0; Win64; x64) AppleWebKit/537.36 (KHTML, like Gecko) Chrome/69.0.3497.100 Safari/537.36"
::1 - - [13/Oct/2018:00:43:31 +0000] "GET /Aboutus HTTP/1.1" 304 - "http://localhost:8081/Contactus" "Mozilla/5.0 (Windows NT 10.0; Win64; x64) AppleWebKit/537.36 (KHTML, like Gecko) Chrome/69.0.3497.100 Safari/537.36"
::1 - - [13/Oct/2018:00:43:32 +0000] "GET /Contactus HTTP/1.1" 304 - "http://localhost:8081/Aboutus" "Mozilla/5.0 (Windows NT 10.0; Win64; x64) AppleWebKit/537.36 (KHTML, like Gecko) Chrome/69.0.3497.100 Safari/537.36"
::1 - - [13/Oct/2018:00:43:34 +0000] "GET /temperature-converter HTTP/1.1" 304 - "http://localhost:8081/Contactus" "Mozilla/5.0 (Windows NT 10.0; Win64; x64) AppleWebKit/537.36 (KHTML, like Gecko) Chrome/69.0.3497.100 Safari/537.36"
::1 - - [13/Oct/2018:00:43:40 +0000] "GET /index.html HTTP/1.1" 404 149 "http://localhost:8081/Contactus" "Mozilla/5.0 (Windows NT 10.0; Win64; x64) AppleWebKit/537.36 (KHTML, like Gecko) Chrome/69.0.3497.100 Safari/537.36"
::1 - - [13/Oct/2018:00:45:37 +0000] "GET / HTTP/1.1" 200 4895 "-" "Mozilla/5.0 (Windows NT 10.0; Win64; x64) AppleWebKit/537.36 (KHTML, like Gecko) Chrome/69.0.3497.100 Safari/537.36"
::1 - - [13/Oct/2018:00:45:41 +0000] "GET /Index HTTP/1.1" 200 4895 "http://localhost:8081/" "Mozilla/5.0 (Windows NT 10.0; Win64; x64) AppleWebKit/537.36 (KHTML, like Gecko) Chrome/69.0.3497.100 Safari/537.36"
::1 - - [13/Oct/2018:00:45:43 +0000] "GET /Aboutus HTTP/1.1" 200 2840 "http://localhost:8081/Index" "Mozilla/5.0 (Windows NT 10.0; Win64; x64) AppleWebKit/537.36 (KHTML, like Gecko) Chrome/69.0.3497.100 Safari/537.36"
::1 - - [13/Oct/2018:00:45:45 +0000] "GET /temperature-converter HTTP/1.1" 200 5501 "http://localhost:8081/Aboutus" "Mozilla/5.0 (Windows NT 10.0; Win64; x64) AppleWebKit/537.36 (KHTML, like Gecko) Chrome/69.0.3497.100 Safari/537.36"
::1 - - [13/Oct/2018:00:45:46 +0000] "GET /Contactus HTTP/1.1" 200 4321 "http://localhost:8081/temperature-converter" "Mozilla/5.0 (Windows NT 10.0; Win64; x64) AppleWebKit/537.36 (KHTML, like Gecko) Chrome/69.0.3497.100 Safari/537.36"
::1 - - [13/Oct/2018:00:46:42 +0000] "GET /Contactus HTTP/1.1" 304 - "-" "Mozilla/5.0 (Windows NT 10.0; Win64; x64) AppleWebKit/537.36 (KHTML, like Gecko) Chrome/69.0.3497.100 Safari/537.36"
::1 - - [13/Oct/2018:00:47:12 +0000] "GET / HTTP/1.1" 304 - "-" "Mozilla/5.0 (Windows NT 10.0; Win64; x64) AppleWebKit/537.36 (KHTML, like Gecko) Chrome/69.0.3497.100 Safari/537.36"
::1 - - [13/Oct/2018:00:47:39 +0000] "GET /temperature-converter HTTP/1.1" 304 - "http://localhost:8081/" "Mozilla/5.0 (Windows NT 10.0; Win64; x64) AppleWebKit/537.36 (KHTML, like Gecko) Chrome/69.0.3497.100 Safari/537.36"
